<?xml version="1.0" encoding="UTF-8"?><testsuite errors="2" failures="0" name="Inicio de sesion con usuario y password en la aplicacion serenity.is, crear nuevos clientes y pedidos" skipped="0" tests="2" time="1.44" timestamp="2022-12-19 09:56:15"><testcase name="Crear un nuevo cliente exitoso con todos los campos disponibles"><error message="Could not instantiate class org.openqa.selenium.chrome.ChromeDriver" type="net.thucydides.core.webdriver.DriverConfigurationError">Could not instantiate class org.openqa.selenium.chrome.ChromeDriver</error><system-err>Could not instantiate class org.openqa.selenium.chrome.ChromeDriver&#13;
task.OpenSerenity.performAs(OpenSerenity.java:18)&#13;
stepdefinitions.SerenityStepDefinitions.queMiguelQuiereIniciarSesionConYEnSerenityIs(SerenityStepDefinitions.java:28)&#13;
cucumber.runner.Runner.runPickle(Runner.java:80)&#13;
worker.org.gradle.process.internal.worker.GradleWorkerMain.run(GradleWorkerMain.java:69)&#13;
worker.org.gradle.process.internal.worker.GradleWorkerMain.main(GradleWorkerMain.java:74)&#13;
</system-err></testcase><testcase name="Crear un nuevo pedido exitoso en el sistema"><error message="Could not instantiate class org.openqa.selenium.chrome.ChromeDriver" type="net.thucydides.core.webdriver.DriverConfigurationError">Could not instantiate class org.openqa.selenium.chrome.ChromeDriver</error><system-err>Could not instantiate class org.openqa.selenium.chrome.ChromeDriver&#13;
task.OpenSerenity.performAs(OpenSerenity.java:18)&#13;
stepdefinitions.SerenityStepDefinitions.queMiguelQuiereIniciarSesionConYEnSerenityIs(SerenityStepDefinitions.java:28)&#13;
cucumber.runner.Runner.runPickle(Runner.java:80)&#13;
worker.org.gradle.process.internal.worker.GradleWorkerMain.run(GradleWorkerMain.java:69)&#13;
worker.org.gradle.process.internal.worker.GradleWorkerMain.main(GradleWorkerMain.java:74)&#13;
</system-err></testcase></testsuite>